<?xml version="1.0" encoding="UTF-8"?>
<testng-results skipped="0" failed="0" ignored="0" total="2" passed="2">
  <reporter-output>
  </reporter-output>
  <suite name="Surefire suite" duration-ms="43812" started-at="2017-11-09T17:10:26Z" finished-at="2017-11-09T17:11:10Z">
    <groups>
      <group name="cucumber">
        <method signature="AbstractTestNGCucumberTests.feature(cucumber.api.testng.CucumberFeatureWrapper)[pri:0, instance:runner.TestRunner@6fb554cc]" name="feature" class="cucumber.api.testng.AbstractTestNGCucumberTests"/>
      </group> <!-- cucumber -->
    </groups>
    <test name="Surefire test" duration-ms="43812" started-at="2017-11-09T17:10:26Z" finished-at="2017-11-09T17:11:10Z">
      <class name="runner.TestRunner">
        <test-method status="PASS" signature="setUpClass()[pri:0, instance:runner.TestRunner@6fb554cc]" name="setUpClass" is-config="true" duration-ms="336" started-at="2017-11-09T17:10:26Z" finished-at="2017-11-09T17:10:27Z">
          <reporter-output>
          </reporter-output>
        </test-method> <!-- setUpClass -->
        <test-method status="PASS" signature="feature(cucumber.api.testng.CucumberFeatureWrapper)[pri:0, instance:runner.TestRunner@6fb554cc]" name="feature" duration-ms="32515" started-at="2017-11-09T17:10:27Z" description="Runs Cucumber Feature" data-provider="features" finished-at="2017-11-09T17:10:59Z">
          <params>
            <param index="0">
              <value>
                <![CDATA[LoginFeature]]>
              </value>
            </param>
          </params>
          <reporter-output>
          </reporter-output>
        </test-method> <!-- feature -->
        <test-method status="PASS" signature="feature(cucumber.api.testng.CucumberFeatureWrapper)[pri:0, instance:runner.TestRunner@6fb554cc]" name="feature" duration-ms="10731" started-at="2017-11-09T17:10:59Z" description="Runs Cucumber Feature" data-provider="features" finished-at="2017-11-09T17:11:10Z">
          <params>
            <param index="0">
              <value>
                <![CDATA[SelectingItems]]>
              </value>
            </param>
          </params>
          <reporter-output>
          </reporter-output>
        </test-method> <!-- feature -->
        <test-method status="PASS" signature="tearDownClass()[pri:0, instance:runner.TestRunner@6fb554cc]" name="tearDownClass" is-config="true" duration-ms="143" started-at="2017-11-09T17:11:10Z" finished-at="2017-11-09T17:11:10Z">
          <reporter-output>
          </reporter-output>
        </test-method> <!-- tearDownClass -->
      </class> <!-- runner.TestRunner -->
    </test> <!-- Surefire test -->
  </suite> <!-- Surefire suite -->
</testng-results>
